Started GET "/app" for 127.0.0.1 at 2018-08-25 20:15:22 +0900
  
ActionController::RoutingError (No route matches [GET] "/app"):
  
vendor/bundle/gems/actionpack-5.2.1/lib/action_dispatch/middleware/debug_exceptions.rb:65:in `call'
vendor/bundle/gems/web-console-3.6.2/lib/web_console/middleware.rb:135:in `call_app'
vendor/bundle/gems/web-console-3.6.2/lib/web_console/middleware.rb:30:in `block in call'
vendor/bundle/gems/web-console-3.6.2/lib/web_console/middleware.rb:20:in `catch'
vendor/bundle/gems/web-console-3.6.2/lib/web_console/middleware.rb:20:in `call'
vendor/bundle/gems/actionpack-5.2.1/lib/action_dispatch/middleware/show_exceptions.rb:33:in `call'
vendor/bundle/gems/railties-5.2.1/lib/rails/rack/logger.rb:38:in `call_app'
vendor/bundle/gems/railties-5.2.1/lib/rails/rack/logger.rb:26:in `block in call'
vendor/bundle/gems/activesupport-5.2.1/lib/active_support/tagged_logging.rb:71:in `block in tagged'
vendor/bundle/gems/activesupport-5.2.1/lib/active_support/tagged_logging.rb:28:in `tagged'
vendor/bundle/gems/activesupport-5.2.1/lib/active_support/tagged_logging.rb:71:in `tagged'
vendor/bundle/gems/railties-5.2.1/lib/rails/rack/logger.rb:26:in `call'
vendor/bundle/gems/sprockets-rails-3.2.1/lib/sprockets/rails/quiet_assets.rb:13:in `call'
vendor/bundle/gems/actionpack-5.2.1/lib/action_dispatch/middleware/remote_ip.rb:81:in `call'
vendor/bundle/gems/actionpack-5.2.1/lib/action_dispatch/middleware/request_id.rb:27:in `call'
vendor/bundle/gems/rack-2.0.5/lib/rack/method_override.rb:22:in `call'
vendor/bundle/gems/rack-2.0.5/lib/rack/runtime.rb:22:in `call'
vendor/bundle/gems/activesupport-5.2.1/lib/active_support/cache/strategy/local_cache_middleware.rb:29:in `call'
vendor/bundle/gems/actionpack-5.2.1/lib/action_dispatch/middleware/executor.rb:14:in `call'
vendor/bundle/gems/actionpack-5.2.1/lib/action_dispatch/middleware/static.rb:127:in `call'
vendor/bundle/gems/rack-2.0.5/lib/rack/sendfile.rb:111:in `call'
vendor/bundle/gems/railties-5.2.1/lib/rails/engine.rb:524:in `call'
vendor/bundle/gems/puma-3.12.0/lib/puma/configuration.rb:225:in `call'
vendor/bundle/gems/puma-3.12.0/lib/puma/server.rb:658:in `handle_request'
vendor/bundle/gems/puma-3.12.0/lib/puma/server.rb:472:in `process_client'
vendor/bundle/gems/puma-3.12.0/lib/puma/server.rb:332:in `block in run'
vendor/bundle/gems/puma-3.12.0/lib/puma/thread_pool.rb:133:in `block in spawn_thread'
Started GET "/" for 127.0.0.1 at 2018-08-25 20:15:26 +0900
Processing by Rails::WelcomeController#index as HTML
  Rendering vendor/bundle/gems/railties-5.2.1/lib/rails/templates/rails/welcome/index.html.erb
  Rendered vendor/bundle/gems/railties-5.2.1/lib/rails/templates/rails/welcome/index.html.erb (3.1ms)
Completed 200 OK in 13ms (Views: 7.8ms | ActiveRecord: 0.0ms)


Started GET "/index" for 127.0.0.1 at 2018-09-02 13:52:40 +0900
  
ActionController::RoutingError (No route matches [GET] "/index"):
  
vendor/bundle/gems/actionpack-5.2.1/lib/action_dispatch/middleware/debug_exceptions.rb:65:in `call'
vendor/bundle/gems/web-console-3.6.2/lib/web_console/middleware.rb:135:in `call_app'
vendor/bundle/gems/web-console-3.6.2/lib/web_console/middleware.rb:30:in `block in call'
vendor/bundle/gems/web-console-3.6.2/lib/web_console/middleware.rb:20:in `catch'
vendor/bundle/gems/web-console-3.6.2/lib/web_console/middleware.rb:20:in `call'
vendor/bundle/gems/actionpack-5.2.1/lib/action_dispatch/middleware/show_exceptions.rb:33:in `call'
vendor/bundle/gems/railties-5.2.1/lib/rails/rack/logger.rb:38:in `call_app'
vendor/bundle/gems/railties-5.2.1/lib/rails/rack/logger.rb:26:in `block in call'
vendor/bundle/gems/activesupport-5.2.1/lib/active_support/tagged_logging.rb:71:in `block in tagged'
vendor/bundle/gems/activesupport-5.2.1/lib/active_support/tagged_logging.rb:28:in `tagged'
vendor/bundle/gems/activesupport-5.2.1/lib/active_support/tagged_logging.rb:71:in `tagged'
vendor/bundle/gems/railties-5.2.1/lib/rails/rack/logger.rb:26:in `call'
vendor/bundle/gems/sprockets-rails-3.2.1/lib/sprockets/rails/quiet_assets.rb:13:in `call'
vendor/bundle/gems/actionpack-5.2.1/lib/action_dispatch/middleware/remote_ip.rb:81:in `call'
vendor/bundle/gems/actionpack-5.2.1/lib/action_dispatch/middleware/request_id.rb:27:in `call'
vendor/bundle/gems/rack-2.0.5/lib/rack/method_override.rb:22:in `call'
vendor/bundle/gems/rack-2.0.5/lib/rack/runtime.rb:22:in `call'
vendor/bundle/gems/activesupport-5.2.1/lib/active_support/cache/strategy/local_cache_middleware.rb:29:in `call'
vendor/bundle/gems/actionpack-5.2.1/lib/action_dispatch/middleware/executor.rb:14:in `call'
vendor/bundle/gems/actionpack-5.2.1/lib/action_dispatch/middleware/static.rb:127:in `call'
vendor/bundle/gems/rack-2.0.5/lib/rack/sendfile.rb:111:in `call'
vendor/bundle/gems/railties-5.2.1/lib/rails/engine.rb:524:in `call'
vendor/bundle/gems/puma-3.12.0/lib/puma/configuration.rb:225:in `call'
vendor/bundle/gems/puma-3.12.0/lib/puma/server.rb:658:in `handle_request'
vendor/bundle/gems/puma-3.12.0/lib/puma/server.rb:472:in `process_client'
vendor/bundle/gems/puma-3.12.0/lib/puma/server.rb:332:in `block in run'
vendor/bundle/gems/puma-3.12.0/lib/puma/thread_pool.rb:133:in `block in spawn_thread'
Started GET "/favicon.ico" for 127.0.0.1 at 2018-09-02 13:52:41 +0900
  
ActionController::RoutingError (No route matches [GET] "/favicon.ico"):
  
vendor/bundle/gems/actionpack-5.2.1/lib/action_dispatch/middleware/debug_exceptions.rb:65:in `call'
vendor/bundle/gems/web-console-3.6.2/lib/web_console/middleware.rb:135:in `call_app'
vendor/bundle/gems/web-console-3.6.2/lib/web_console/middleware.rb:30:in `block in call'
vendor/bundle/gems/web-console-3.6.2/lib/web_console/middleware.rb:20:in `catch'
vendor/bundle/gems/web-console-3.6.2/lib/web_console/middleware.rb:20:in `call'
vendor/bundle/gems/actionpack-5.2.1/lib/action_dispatch/middleware/show_exceptions.rb:33:in `call'
vendor/bundle/gems/railties-5.2.1/lib/rails/rack/logger.rb:38:in `call_app'
vendor/bundle/gems/railties-5.2.1/lib/rails/rack/logger.rb:26:in `block in call'
vendor/bundle/gems/activesupport-5.2.1/lib/active_support/tagged_logging.rb:71:in `block in tagged'
vendor/bundle/gems/activesupport-5.2.1/lib/active_support/tagged_logging.rb:28:in `tagged'
vendor/bundle/gems/activesupport-5.2.1/lib/active_support/tagged_logging.rb:71:in `tagged'
vendor/bundle/gems/railties-5.2.1/lib/rails/rack/logger.rb:26:in `call'
vendor/bundle/gems/sprockets-rails-3.2.1/lib/sprockets/rails/quiet_assets.rb:13:in `call'
vendor/bundle/gems/actionpack-5.2.1/lib/action_dispatch/middleware/remote_ip.rb:81:in `call'
vendor/bundle/gems/actionpack-5.2.1/lib/action_dispatch/middleware/request_id.rb:27:in `call'
vendor/bundle/gems/rack-2.0.5/lib/rack/method_override.rb:22:in `call'
vendor/bundle/gems/rack-2.0.5/lib/rack/runtime.rb:22:in `call'
vendor/bundle/gems/activesupport-5.2.1/lib/active_support/cache/strategy/local_cache_middleware.rb:29:in `call'
vendor/bundle/gems/actionpack-5.2.1/lib/action_dispatch/middleware/executor.rb:14:in `call'
vendor/bundle/gems/actionpack-5.2.1/lib/action_dispatch/middleware/static.rb:127:in `call'
vendor/bundle/gems/rack-2.0.5/lib/rack/sendfile.rb:111:in `call'
vendor/bundle/gems/railties-5.2.1/lib/rails/engine.rb:524:in `call'
vendor/bundle/gems/puma-3.12.0/lib/puma/configuration.rb:225:in `call'
vendor/bundle/gems/puma-3.12.0/lib/puma/server.rb:658:in `handle_request'
vendor/bundle/gems/puma-3.12.0/lib/puma/server.rb:472:in `process_client'
vendor/bundle/gems/puma-3.12.0/lib/puma/server.rb:332:in `block in run'
vendor/bundle/gems/puma-3.12.0/lib/puma/thread_pool.rb:133:in `block in spawn_thread'
Started GET "/apps/index" for 127.0.0.1 at 2018-09-02 13:53:34 +0900
  
ActionController::RoutingError (No route matches [GET] "/apps/index"):
  
vendor/bundle/gems/actionpack-5.2.1/lib/action_dispatch/middleware/debug_exceptions.rb:65:in `call'
vendor/bundle/gems/web-console-3.6.2/lib/web_console/middleware.rb:135:in `call_app'
vendor/bundle/gems/web-console-3.6.2/lib/web_console/middleware.rb:30:in `block in call'
vendor/bundle/gems/web-console-3.6.2/lib/web_console/middleware.rb:20:in `catch'
vendor/bundle/gems/web-console-3.6.2/lib/web_console/middleware.rb:20:in `call'
vendor/bundle/gems/actionpack-5.2.1/lib/action_dispatch/middleware/show_exceptions.rb:33:in `call'
vendor/bundle/gems/railties-5.2.1/lib/rails/rack/logger.rb:38:in `call_app'
vendor/bundle/gems/railties-5.2.1/lib/rails/rack/logger.rb:26:in `block in call'
vendor/bundle/gems/activesupport-5.2.1/lib/active_support/tagged_logging.rb:71:in `block in tagged'
vendor/bundle/gems/activesupport-5.2.1/lib/active_support/tagged_logging.rb:28:in `tagged'
vendor/bundle/gems/activesupport-5.2.1/lib/active_support/tagged_logging.rb:71:in `tagged'
vendor/bundle/gems/railties-5.2.1/lib/rails/rack/logger.rb:26:in `call'
vendor/bundle/gems/sprockets-rails-3.2.1/lib/sprockets/rails/quiet_assets.rb:13:in `call'
vendor/bundle/gems/actionpack-5.2.1/lib/action_dispatch/middleware/remote_ip.rb:81:in `call'
vendor/bundle/gems/actionpack-5.2.1/lib/action_dispatch/middleware/request_id.rb:27:in `call'
vendor/bundle/gems/rack-2.0.5/lib/rack/method_override.rb:22:in `call'
vendor/bundle/gems/rack-2.0.5/lib/rack/runtime.rb:22:in `call'
vendor/bundle/gems/activesupport-5.2.1/lib/active_support/cache/strategy/local_cache_middleware.rb:29:in `call'
vendor/bundle/gems/actionpack-5.2.1/lib/action_dispatch/middleware/executor.rb:14:in `call'
vendor/bundle/gems/actionpack-5.2.1/lib/action_dispatch/middleware/static.rb:127:in `call'
vendor/bundle/gems/rack-2.0.5/lib/rack/sendfile.rb:111:in `call'
vendor/bundle/gems/railties-5.2.1/lib/rails/engine.rb:524:in `call'
vendor/bundle/gems/puma-3.12.0/lib/puma/configuration.rb:225:in `call'
vendor/bundle/gems/puma-3.12.0/lib/puma/server.rb:658:in `handle_request'
vendor/bundle/gems/puma-3.12.0/lib/puma/server.rb:472:in `process_client'
vendor/bundle/gems/puma-3.12.0/lib/puma/server.rb:332:in `block in run'
vendor/bundle/gems/puma-3.12.0/lib/puma/thread_pool.rb:133:in `block in spawn_thread'
Started GET "/app/index" for 127.0.0.1 at 2018-09-02 13:53:39 +0900
  
ActionController::RoutingError (No route matches [GET] "/app/index"):
  
vendor/bundle/gems/actionpack-5.2.1/lib/action_dispatch/middleware/debug_exceptions.rb:65:in `call'
vendor/bundle/gems/web-console-3.6.2/lib/web_console/middleware.rb:135:in `call_app'
vendor/bundle/gems/web-console-3.6.2/lib/web_console/middleware.rb:30:in `block in call'
vendor/bundle/gems/web-console-3.6.2/lib/web_console/middleware.rb:20:in `catch'
vendor/bundle/gems/web-console-3.6.2/lib/web_console/middleware.rb:20:in `call'
vendor/bundle/gems/actionpack-5.2.1/lib/action_dispatch/middleware/show_exceptions.rb:33:in `call'
vendor/bundle/gems/railties-5.2.1/lib/rails/rack/logger.rb:38:in `call_app'
vendor/bundle/gems/railties-5.2.1/lib/rails/rack/logger.rb:26:in `block in call'
vendor/bundle/gems/activesupport-5.2.1/lib/active_support/tagged_logging.rb:71:in `block in tagged'
vendor/bundle/gems/activesupport-5.2.1/lib/active_support/tagged_logging.rb:28:in `tagged'
vendor/bundle/gems/activesupport-5.2.1/lib/active_support/tagged_logging.rb:71:in `tagged'
vendor/bundle/gems/railties-5.2.1/lib/rails/rack/logger.rb:26:in `call'
vendor/bundle/gems/sprockets-rails-3.2.1/lib/sprockets/rails/quiet_assets.rb:13:in `call'
vendor/bundle/gems/actionpack-5.2.1/lib/action_dispatch/middleware/remote_ip.rb:81:in `call'
vendor/bundle/gems/actionpack-5.2.1/lib/action_dispatch/middleware/request_id.rb:27:in `call'
vendor/bundle/gems/rack-2.0.5/lib/rack/method_override.rb:22:in `call'
vendor/bundle/gems/rack-2.0.5/lib/rack/runtime.rb:22:in `call'
vendor/bundle/gems/activesupport-5.2.1/lib/active_support/cache/strategy/local_cache_middleware.rb:29:in `call'
vendor/bundle/gems/actionpack-5.2.1/lib/action_dispatch/middleware/executor.rb:14:in `call'
vendor/bundle/gems/actionpack-5.2.1/lib/action_dispatch/middleware/static.rb:127:in `call'
vendor/bundle/gems/rack-2.0.5/lib/rack/sendfile.rb:111:in `call'
vendor/bundle/gems/railties-5.2.1/lib/rails/engine.rb:524:in `call'
vendor/bundle/gems/puma-3.12.0/lib/puma/configuration.rb:225:in `call'
vendor/bundle/gems/puma-3.12.0/lib/puma/server.rb:658:in `handle_request'
vendor/bundle/gems/puma-3.12.0/lib/puma/server.rb:472:in `process_client'
vendor/bundle/gems/puma-3.12.0/lib/puma/server.rb:332:in `block in run'
vendor/bundle/gems/puma-3.12.0/lib/puma/thread_pool.rb:133:in `block in spawn_thread'
Started GET "/app/timeline" for 127.0.0.1 at 2018-09-02 13:53:56 +0900
Processing by AppController#timeline as HTML
  Rendering app/timeline.html.erb within layouts/application
  Rendered app/timeline.html.erb within layouts/application (0.7ms)
Completed 200 OK in 976ms (Views: 971.9ms | ActiveRecord: 0.0ms)


Started GET "/app/css/style.css" for 127.0.0.1 at 2018-09-02 13:53:57 +0900
  
ActionController::RoutingError (No route matches [GET] "/app/css/style.css"):
  
vendor/bundle/gems/actionpack-5.2.1/lib/action_dispatch/middleware/debug_exceptions.rb:65:in `call'
vendor/bundle/gems/web-console-3.6.2/lib/web_console/middleware.rb:135:in `call_app'
vendor/bundle/gems/web-console-3.6.2/lib/web_console/middleware.rb:30:in `block in call'
vendor/bundle/gems/web-console-3.6.2/lib/web_console/middleware.rb:20:in `catch'
vendor/bundle/gems/web-console-3.6.2/lib/web_console/middleware.rb:20:in `call'
vendor/bundle/gems/actionpack-5.2.1/lib/action_dispatch/middleware/show_exceptions.rb:33:in `call'
vendor/bundle/gems/railties-5.2.1/lib/rails/rack/logger.rb:38:in `call_app'
vendor/bundle/gems/railties-5.2.1/lib/rails/rack/logger.rb:26:in `block in call'
vendor/bundle/gems/activesupport-5.2.1/lib/active_support/tagged_logging.rb:71:in `block in tagged'
vendor/bundle/gems/activesupport-5.2.1/lib/active_support/tagged_logging.rb:28:in `tagged'
vendor/bundle/gems/activesupport-5.2.1/lib/active_support/tagged_logging.rb:71:in `tagged'
vendor/bundle/gems/railties-5.2.1/lib/rails/rack/logger.rb:26:in `call'
vendor/bundle/gems/sprockets-rails-3.2.1/lib/sprockets/rails/quiet_assets.rb:13:in `call'
vendor/bundle/gems/actionpack-5.2.1/lib/action_dispatch/middleware/remote_ip.rb:81:in `call'
vendor/bundle/gems/actionpack-5.2.1/lib/action_dispatch/middleware/request_id.rb:27:in `call'
vendor/bundle/gems/rack-2.0.5/lib/rack/method_override.rb:22:in `call'
vendor/bundle/gems/rack-2.0.5/lib/rack/runtime.rb:22:in `call'
vendor/bundle/gems/activesupport-5.2.1/lib/active_support/cache/strategy/local_cache_middleware.rb:29:in `call'
vendor/bundle/gems/actionpack-5.2.1/lib/action_dispatch/middleware/executor.rb:14:in `call'
vendor/bundle/gems/actionpack-5.2.1/lib/action_dispatch/middleware/static.rb:127:in `call'
vendor/bundle/gems/rack-2.0.5/lib/rack/sendfile.rb:111:in `call'
vendor/bundle/gems/railties-5.2.1/lib/rails/engine.rb:524:in `call'
vendor/bundle/gems/puma-3.12.0/lib/puma/configuration.rb:225:in `call'
vendor/bundle/gems/puma-3.12.0/lib/puma/server.rb:658:in `handle_request'
vendor/bundle/gems/puma-3.12.0/lib/puma/server.rb:472:in `process_client'
vendor/bundle/gems/puma-3.12.0/lib/puma/server.rb:332:in `block in run'
vendor/bundle/gems/puma-3.12.0/lib/puma/thread_pool.rb:133:in `block in spawn_thread'
Started GET "/app/js/modernizr.js" for 127.0.0.1 at 2018-09-02 13:53:57 +0900
  
ActionController::RoutingError (No route matches [GET] "/app/js/modernizr.js"):
  
vendor/bundle/gems/actionpack-5.2.1/lib/action_dispatch/middleware/debug_exceptions.rb:65:in `call'
vendor/bundle/gems/web-console-3.6.2/lib/web_console/middleware.rb:135:in `call_app'
vendor/bundle/gems/web-console-3.6.2/lib/web_console/middleware.rb:30:in `block in call'
vendor/bundle/gems/web-console-3.6.2/lib/web_console/middleware.rb:20:in `catch'
vendor/bundle/gems/web-console-3.6.2/lib/web_console/middleware.rb:20:in `call'
vendor/bundle/gems/actionpack-5.2.1/lib/action_dispatch/middleware/show_exceptions.rb:33:in `call'
vendor/bundle/gems/railties-5.2.1/lib/rails/rack/logger.rb:38:in `call_app'
vendor/bundle/gems/railties-5.2.1/lib/rails/rack/logger.rb:26:in `block in call'
vendor/bundle/gems/activesupport-5.2.1/lib/active_support/tagged_logging.rb:71:in `block in tagged'
vendor/bundle/gems/activesupport-5.2.1/lib/active_support/tagged_logging.rb:28:in `tagged'
vendor/bundle/gems/activesupport-5.2.1/lib/active_support/tagged_logging.rb:71:in `tagged'
vendor/bundle/gems/railties-5.2.1/lib/rails/rack/logger.rb:26:in `call'
vendor/bundle/gems/sprockets-rails-3.2.1/lib/sprockets/rails/quiet_assets.rb:13:in `call'
vendor/bundle/gems/actionpack-5.2.1/lib/action_dispatch/middleware/remote_ip.rb:81:in `call'
vendor/bundle/gems/actionpack-5.2.1/lib/action_dispatch/middleware/request_id.rb:27:in `call'
vendor/bundle/gems/rack-2.0.5/lib/rack/method_override.rb:22:in `call'
vendor/bundle/gems/rack-2.0.5/lib/rack/runtime.rb:22:in `call'
vendor/bundle/gems/activesupport-5.2.1/lib/active_support/cache/strategy/local_cache_middleware.rb:29:in `call'
vendor/bundle/gems/actionpack-5.2.1/lib/action_dispatch/middleware/executor.rb:14:in `call'
vendor/bundle/gems/actionpack-5.2.1/lib/action_dispatch/middleware/static.rb:127:in `call'
vendor/bundle/gems/rack-2.0.5/lib/rack/sendfile.rb:111:in `call'
vendor/bundle/gems/railties-5.2.1/lib/rails/engine.rb:524:in `call'
vendor/bundle/gems/puma-3.12.0/lib/puma/configuration.rb:225:in `call'
vendor/bundle/gems/puma-3.12.0/lib/puma/server.rb:658:in `handle_request'
vendor/bundle/gems/puma-3.12.0/lib/puma/server.rb:472:in `process_client'
vendor/bundle/gems/puma-3.12.0/lib/puma/server.rb:332:in `block in run'
vendor/bundle/gems/puma-3.12.0/lib/puma/thread_pool.rb:133:in `block in spawn_thread'
Started GET "/app/images/portfolio/free-psd-templates.jpg" for 127.0.0.1 at 2018-09-02 13:53:57 +0900
Started GET "/app/images/cj.jpg" for 127.0.0.1 at 2018-09-02 13:53:57 +0900
  
  
ActionController::RoutingError (No route matches [GET] "/app/images/portfolio/free-psd-templates.jpg"):
ActionController::RoutingError (No route matches [GET] "/app/images/cj.jpg"):
  
  
vendor/bundle/gems/actionpack-5.2.1/lib/action_dispatch/middleware/debug_exceptions.rb:65:in `call'
vendor/bundle/gems/web-console-3.6.2/lib/web_console/middleware.rb:135:in `call_app'
vendor/bundle/gems/web-console-3.6.2/lib/web_console/middleware.rb:30:in `block in call'
vendor/bundle/gems/web-console-3.6.2/lib/web_console/middleware.rb:20:in `catch'
vendor/bundle/gems/web-console-3.6.2/lib/web_console/middleware.rb:20:in `call'
vendor/bundle/gems/actionpack-5.2.1/lib/action_dispatch/middleware/show_exceptions.rb:33:in `call'
vendor/bundle/gems/railties-5.2.1/lib/rails/rack/logger.rb:38:in `call_app'
vendor/bundle/gems/railties-5.2.1/lib/rails/rack/logger.rb:26:in `block in call'
vendor/bundle/gems/activesupport-5.2.1/lib/active_support/tagged_logging.rb:71:in `block in tagged'
vendor/bundle/gems/activesupport-5.2.1/lib/active_support/tagged_logging.rb:28:in `tagged'
vendor/bundle/gems/activesupport-5.2.1/lib/active_support/tagged_logging.rb:71:in `tagged'
vendor/bundle/gems/railties-5.2.1/lib/rails/rack/logger.rb:26:in `call'
vendor/bundle/gems/sprockets-rails-3.2.1/lib/sprockets/rails/quiet_assets.rb:13:in `call'
vendor/bundle/gems/actionpack-5.2.1/lib/action_dispatch/middleware/remote_ip.rb:81:in `call'
vendor/bundle/gems/actionpack-5.2.1/lib/action_dispatch/middleware/request_id.rb:27:in `call'
vendor/bundle/gems/rack-2.0.5/lib/rack/method_override.rb:22:in `call'
vendor/bundle/gems/rack-2.0.5/lib/rack/runtime.rb:22:in `call'
vendor/bundle/gems/activesupport-5.2.1/lib/active_support/cache/strategy/local_cache_middleware.rb:29:in `call'
vendor/bundle/gems/actionpack-5.2.1/lib/action_dispatch/middleware/executor.rb:14:in `call'
vendor/bundle/gems/actionpack-5.2.1/lib/action_dispatch/middleware/static.rb:127:in `call'
vendor/bundle/gems/rack-2.0.5/lib/rack/sendfile.rb:111:in `call'
vendor/bundle/gems/railties-5.2.1/lib/rails/engine.rb:524:in `call'
vendor/bundle/gems/puma-3.12.0/lib/puma/configuration.rb:225:in `call'
vendor/bundle/gems/puma-3.12.0/lib/puma/server.rb:658:in `handle_request'
vendor/bundle/gems/puma-3.12.0/lib/puma/server.rb:472:in `process_client'
vendor/bundle/gems/puma-3.12.0/lib/puma/server.rb:332:in `block in run'
vendor/bundle/gems/puma-3.12.0/lib/puma/thread_pool.rb:133:in `block in spawn_thread'
vendor/bundle/gems/actionpack-5.2.1/lib/action_dispatch/middleware/debug_exceptions.rb:65:in `call'
vendor/bundle/gems/web-console-3.6.2/lib/web_console/middleware.rb:135:in `call_app'
vendor/bundle/gems/web-console-3.6.2/lib/web_console/middleware.rb:30:in `block in call'
vendor/bundle/gems/web-console-3.6.2/lib/web_console/middleware.rb:20:in `catch'
vendor/bundle/gems/web-console-3.6.2/lib/web_console/middleware.rb:20:in `call'
vendor/bundle/gems/actionpack-5.2.1/lib/action_dispatch/middleware/show_exceptions.rb:33:in `call'
vendor/bundle/gems/railties-5.2.1/lib/rails/rack/logger.rb:38:in `call_app'
vendor/bundle/gems/railties-5.2.1/lib/rails/rack/logger.rb:26:in `block in call'
vendor/bundle/gems/activesupport-5.2.1/lib/active_support/tagged_logging.rb:71:in `block in tagged'
vendor/bundle/gems/activesupport-5.2.1/lib/active_support/tagged_logging.rb:28:in `tagged'
vendor/bundle/gems/activesupport-5.2.1/lib/active_support/tagged_logging.rb:71:in `tagged'
vendor/bundle/gems/railties-5.2.1/lib/rails/rack/logger.rb:26:in `call'
vendor/bundle/gems/sprockets-rails-3.2.1/lib/sprockets/rails/quiet_assets.rb:13:in `call'
vendor/bundle/gems/actionpack-5.2.1/lib/action_dispatch/middleware/remote_ip.rb:81:in `call'
vendor/bundle/gems/actionpack-5.2.1/lib/action_dispatch/middleware/request_id.rb:27:in `call'
vendor/bundle/gems/rack-2.0.5/lib/rack/method_override.rb:22:in `call'
vendor/bundle/gems/rack-2.0.5/lib/rack/runtime.rb:22:in `call'
vendor/bundle/gems/activesupport-5.2.1/lib/active_support/cache/strategy/local_cache_middleware.rb:29:in `call'
vendor/bundle/gems/actionpack-5.2.1/lib/action_dispatch/middleware/executor.rb:14:in `call'
vendor/bundle/gems/actionpack-5.2.1/lib/action_dispatch/middleware/static.rb:127:in `call'
vendor/bundle/gems/rack-2.0.5/lib/rack/sendfile.rb:111:in `call'
vendor/bundle/gems/railties-5.2.1/lib/rails/engine.rb:524:in `call'
vendor/bundle/gems/puma-3.12.0/lib/puma/configuration.rb:225:in `call'
vendor/bundle/gems/puma-3.12.0/lib/puma/server.rb:658:in `handle_request'
vendor/bundle/gems/puma-3.12.0/lib/puma/server.rb:472:in `process_client'
vendor/bundle/gems/puma-3.12.0/lib/puma/server.rb:332:in `block in run'
vendor/bundle/gems/puma-3.12.0/lib/puma/thread_pool.rb:133:in `block in spawn_thread'
Started GET "/app/js/app.js" for 127.0.0.1 at 2018-09-02 13:53:57 +0900
  
ActionController::RoutingError (No route matches [GET] "/app/js/app.js"):
  
vendor/bundle/gems/actionpack-5.2.1/lib/action_dispatch/middleware/debug_exceptions.rb:65:in `call'
vendor/bundle/gems/web-console-3.6.2/lib/web_console/middleware.rb:135:in `call_app'
vendor/bundle/gems/web-console-3.6.2/lib/web_console/middleware.rb:30:in `block in call'
vendor/bundle/gems/web-console-3.6.2/lib/web_console/middleware.rb:20:in `catch'
vendor/bundle/gems/web-console-3.6.2/lib/web_console/middleware.rb:20:in `call'
vendor/bundle/gems/actionpack-5.2.1/lib/action_dispatch/middleware/show_exceptions.rb:33:in `call'
vendor/bundle/gems/railties-5.2.1/lib/rails/rack/logger.rb:38:in `call_app'
vendor/bundle/gems/railties-5.2.1/lib/rails/rack/logger.rb:26:in `block in call'
vendor/bundle/gems/activesupport-5.2.1/lib/active_support/tagged_logging.rb:71:in `block in tagged'
vendor/bundle/gems/activesupport-5.2.1/lib/active_support/tagged_logging.rb:28:in `tagged'
vendor/bundle/gems/activesupport-5.2.1/lib/active_support/tagged_logging.rb:71:in `tagged'
vendor/bundle/gems/railties-5.2.1/lib/rails/rack/logger.rb:26:in `call'
vendor/bundle/gems/sprockets-rails-3.2.1/lib/sprockets/rails/quiet_assets.rb:13:in `call'
vendor/bundle/gems/actionpack-5.2.1/lib/action_dispatch/middleware/remote_ip.rb:81:in `call'
vendor/bundle/gems/actionpack-5.2.1/lib/action_dispatch/middleware/request_id.rb:27:in `call'
vendor/bundle/gems/rack-2.0.5/lib/rack/method_override.rb:22:in `call'
vendor/bundle/gems/rack-2.0.5/lib/rack/runtime.rb:22:in `call'
vendor/bundle/gems/activesupport-5.2.1/lib/active_support/cache/strategy/local_cache_middleware.rb:29:in `call'
vendor/bundle/gems/actionpack-5.2.1/lib/action_dispatch/middleware/executor.rb:14:in `call'
vendor/bundle/gems/actionpack-5.2.1/lib/action_dispatch/middleware/static.rb:127:in `call'
vendor/bundle/gems/rack-2.0.5/lib/rack/sendfile.rb:111:in `call'
vendor/bundle/gems/railties-5.2.1/lib/rails/engine.rb:524:in `call'
vendor/bundle/gems/puma-3.12.0/lib/puma/configuration.rb:225:in `call'
vendor/bundle/gems/puma-3.12.0/lib/puma/server.rb:658:in `handle_request'
vendor/bundle/gems/puma-3.12.0/lib/puma/server.rb:472:in `process_client'
vendor/bundle/gems/puma-3.12.0/lib/puma/server.rb:332:in `block in run'
vendor/bundle/gems/puma-3.12.0/lib/puma/thread_pool.rb:133:in `block in spawn_thread'
Started GET "/app/images/portfolio/moody-shot.jpg" for 127.0.0.1 at 2018-09-02 13:53:59 +0900
  
ActionController::RoutingError (No route matches [GET] "/app/images/portfolio/moody-shot.jpg"):
  
vendor/bundle/gems/actionpack-5.2.1/lib/action_dispatch/middleware/debug_exceptions.rb:65:in `call'
vendor/bundle/gems/web-console-3.6.2/lib/web_console/middleware.rb:135:in `call_app'
vendor/bundle/gems/web-console-3.6.2/lib/web_console/middleware.rb:30:in `block in call'
vendor/bundle/gems/web-console-3.6.2/lib/web_console/middleware.rb:20:in `catch'
vendor/bundle/gems/web-console-3.6.2/lib/web_console/middleware.rb:20:in `call'
vendor/bundle/gems/actionpack-5.2.1/lib/action_dispatch/middleware/show_exceptions.rb:33:in `call'
vendor/bundle/gems/railties-5.2.1/lib/rails/rack/logger.rb:38:in `call_app'
vendor/bundle/gems/railties-5.2.1/lib/rails/rack/logger.rb:26:in `block in call'
vendor/bundle/gems/activesupport-5.2.1/lib/active_support/tagged_logging.rb:71:in `block in tagged'
vendor/bundle/gems/activesupport-5.2.1/lib/active_support/tagged_logging.rb:28:in `tagged'
vendor/bundle/gems/activesupport-5.2.1/lib/active_support/tagged_logging.rb:71:in `tagged'
vendor/bundle/gems/railties-5.2.1/lib/rails/rack/logger.rb:26:in `call'
vendor/bundle/gems/sprockets-rails-3.2.1/lib/sprockets/rails/quiet_assets.rb:13:in `call'
vendor/bundle/gems/actionpack-5.2.1/lib/action_dispatch/middleware/remote_ip.rb:81:in `call'
vendor/bundle/gems/actionpack-5.2.1/lib/action_dispatch/middleware/request_id.rb:27:in `call'
vendor/bundle/gems/rack-2.0.5/lib/rack/method_override.rb:22:in `call'
vendor/bundle/gems/rack-2.0.5/lib/rack/runtime.rb:22:in `call'
vendor/bundle/gems/activesupport-5.2.1/lib/active_support/cache/strategy/local_cache_middleware.rb:29:in `call'
vendor/bundle/gems/actionpack-5.2.1/lib/action_dispatch/middleware/executor.rb:14:in `call'
vendor/bundle/gems/actionpack-5.2.1/lib/action_dispatch/middleware/static.rb:127:in `call'
vendor/bundle/gems/rack-2.0.5/lib/rack/sendfile.rb:111:in `call'
vendor/bundle/gems/railties-5.2.1/lib/rails/engine.rb:524:in `call'
vendor/bundle/gems/puma-3.12.0/lib/puma/configuration.rb:225:in `call'
vendor/bundle/gems/puma-3.12.0/lib/puma/server.rb:658:in `handle_request'
vendor/bundle/gems/puma-3.12.0/lib/puma/server.rb:472:in `process_client'
vendor/bundle/gems/puma-3.12.0/lib/puma/server.rb:332:in `block in run'
vendor/bundle/gems/puma-3.12.0/lib/puma/thread_pool.rb:133:in `block in spawn_thread'
Started GET "/app/images/portfolio/new-york.jpg" for 127.0.0.1 at 2018-09-02 13:53:59 +0900
  
ActionController::RoutingError (No route matches [GET] "/app/images/portfolio/new-york.jpg"):
  
vendor/bundle/gems/actionpack-5.2.1/lib/action_dispatch/middleware/debug_exceptions.rb:65:in `call'
vendor/bundle/gems/web-console-3.6.2/lib/web_console/middleware.rb:135:in `call_app'
vendor/bundle/gems/web-console-3.6.2/lib/web_console/middleware.rb:30:in `block in call'
vendor/bundle/gems/web-console-3.6.2/lib/web_console/middleware.rb:20:in `catch'
vendor/bundle/gems/web-console-3.6.2/lib/web_console/middleware.rb:20:in `call'
vendor/bundle/gems/actionpack-5.2.1/lib/action_dispatch/middleware/show_exceptions.rb:33:in `call'
vendor/bundle/gems/railties-5.2.1/lib/rails/rack/logger.rb:38:in `call_app'
vendor/bundle/gems/railties-5.2.1/lib/rails/rack/logger.rb:26:in `block in call'
vendor/bundle/gems/activesupport-5.2.1/lib/active_support/tagged_logging.rb:71:in `block in tagged'
vendor/bundle/gems/activesupport-5.2.1/lib/active_support/tagged_logging.rb:28:in `tagged'
vendor/bundle/gems/activesupport-5.2.1/lib/active_support/tagged_logging.rb:71:in `tagged'
vendor/bundle/gems/railties-5.2.1/lib/rails/rack/logger.rb:26:in `call'
vendor/bundle/gems/sprockets-rails-3.2.1/lib/sprockets/rails/quiet_assets.rb:13:in `call'
vendor/bundle/gems/actionpack-5.2.1/lib/action_dispatch/middleware/remote_ip.rb:81:in `call'
vendor/bundle/gems/actionpack-5.2.1/lib/action_dispatch/middleware/request_id.rb:27:in `call'
vendor/bundle/gems/rack-2.0.5/lib/rack/method_override.rb:22:in `call'
vendor/bundle/gems/rack-2.0.5/lib/rack/runtime.rb:22:in `call'
vendor/bundle/gems/activesupport-5.2.1/lib/active_support/cache/strategy/local_cache_middleware.rb:29:in `call'
vendor/bundle/gems/actionpack-5.2.1/lib/action_dispatch/middleware/executor.rb:14:in `call'
vendor/bundle/gems/actionpack-5.2.1/lib/action_dispatch/middleware/static.rb:127:in `call'
vendor/bundle/gems/rack-2.0.5/lib/rack/sendfile.rb:111:in `call'
vendor/bundle/gems/railties-5.2.1/lib/rails/engine.rb:524:in `call'
vendor/bundle/gems/puma-3.12.0/lib/puma/configuration.rb:225:in `call'
vendor/bundle/gems/puma-3.12.0/lib/puma/server.rb:658:in `handle_request'
vendor/bundle/gems/puma-3.12.0/lib/puma/server.rb:472:in `process_client'
vendor/bundle/gems/puma-3.12.0/lib/puma/server.rb:332:in `block in run'
vendor/bundle/gems/puma-3.12.0/lib/puma/thread_pool.rb:133:in `block in spawn_thread'
Started GET "/app/images/loading.png" for 127.0.0.1 at 2018-09-02 13:54:00 +0900
  
ActionController::RoutingError (No route matches [GET] "/app/images/loading.png"):
  
vendor/bundle/gems/actionpack-5.2.1/lib/action_dispatch/middleware/debug_exceptions.rb:65:in `call'
vendor/bundle/gems/web-console-3.6.2/lib/web_console/middleware.rb:135:in `call_app'
vendor/bundle/gems/web-console-3.6.2/lib/web_console/middleware.rb:30:in `block in call'
vendor/bundle/gems/web-console-3.6.2/lib/web_console/middleware.rb:20:in `catch'
vendor/bundle/gems/web-console-3.6.2/lib/web_console/middleware.rb:20:in `call'
vendor/bundle/gems/actionpack-5.2.1/lib/action_dispatch/middleware/show_exceptions.rb:33:in `call'
vendor/bundle/gems/railties-5.2.1/lib/rails/rack/logger.rb:38:in `call_app'
vendor/bundle/gems/railties-5.2.1/lib/rails/rack/logger.rb:26:in `block in call'
vendor/bundle/gems/activesupport-5.2.1/lib/active_support/tagged_logging.rb:71:in `block in tagged'
vendor/bundle/gems/activesupport-5.2.1/lib/active_support/tagged_logging.rb:28:in `tagged'
vendor/bundle/gems/activesupport-5.2.1/lib/active_support/tagged_logging.rb:71:in `tagged'
vendor/bundle/gems/railties-5.2.1/lib/rails/rack/logger.rb:26:in `call'
vendor/bundle/gems/sprockets-rails-3.2.1/lib/sprockets/rails/quiet_assets.rb:13:in `call'
vendor/bundle/gems/actionpack-5.2.1/lib/action_dispatch/middleware/remote_ip.rb:81:in `call'
vendor/bundle/gems/actionpack-5.2.1/lib/action_dispatch/middleware/request_id.rb:27:in `call'
vendor/bundle/gems/rack-2.0.5/lib/rack/method_override.rb:22:in `call'
vendor/bundle/gems/rack-2.0.5/lib/rack/runtime.rb:22:in `call'
vendor/bundle/gems/activesupport-5.2.1/lib/active_support/cache/strategy/local_cache_middleware.rb:29:in `call'
vendor/bundle/gems/actionpack-5.2.1/lib/action_dispatch/middleware/executor.rb:14:in `call'
vendor/bundle/gems/actionpack-5.2.1/lib/action_dispatch/middleware/static.rb:127:in `call'
vendor/bundle/gems/rack-2.0.5/lib/rack/sendfile.rb:111:in `call'
vendor/bundle/gems/railties-5.2.1/lib/rails/engine.rb:524:in `call'
vendor/bundle/gems/puma-3.12.0/lib/puma/configuration.rb:225:in `call'
vendor/bundle/gems/puma-3.12.0/lib/puma/server.rb:658:in `handle_request'
vendor/bundle/gems/puma-3.12.0/lib/puma/server.rb:472:in `process_client'
vendor/bundle/gems/puma-3.12.0/lib/puma/server.rb:332:in `block in run'
vendor/bundle/gems/puma-3.12.0/lib/puma/thread_pool.rb:133:in `block in spawn_thread'
Started GET "/app/images/portfolio/free-psd-templates.jpg" for 127.0.0.1 at 2018-09-02 13:54:00 +0900
  
ActionController::RoutingError (No route matches [GET] "/app/images/portfolio/free-psd-templates.jpg"):
  
vendor/bundle/gems/actionpack-5.2.1/lib/action_dispatch/middleware/debug_exceptions.rb:65:in `call'
vendor/bundle/gems/web-console-3.6.2/lib/web_console/middleware.rb:135:in `call_app'
vendor/bundle/gems/web-console-3.6.2/lib/web_console/middleware.rb:30:in `block in call'
vendor/bundle/gems/web-console-3.6.2/lib/web_console/middleware.rb:20:in `catch'
vendor/bundle/gems/web-console-3.6.2/lib/web_console/middleware.rb:20:in `call'
vendor/bundle/gems/actionpack-5.2.1/lib/action_dispatch/middleware/show_exceptions.rb:33:in `call'
vendor/bundle/gems/railties-5.2.1/lib/rails/rack/logger.rb:38:in `call_app'
vendor/bundle/gems/railties-5.2.1/lib/rails/rack/logger.rb:26:in `block in call'
vendor/bundle/gems/activesupport-5.2.1/lib/active_support/tagged_logging.rb:71:in `block in tagged'
vendor/bundle/gems/activesupport-5.2.1/lib/active_support/tagged_logging.rb:28:in `tagged'
vendor/bundle/gems/activesupport-5.2.1/lib/active_support/tagged_logging.rb:71:in `tagged'
vendor/bundle/gems/railties-5.2.1/lib/rails/rack/logger.rb:26:in `call'
vendor/bundle/gems/sprockets-rails-3.2.1/lib/sprockets/rails/quiet_assets.rb:13:in `call'
vendor/bundle/gems/actionpack-5.2.1/lib/action_dispatch/middleware/remote_ip.rb:81:in `call'
vendor/bundle/gems/actionpack-5.2.1/lib/action_dispatch/middleware/request_id.rb:27:in `call'
vendor/bundle/gems/rack-2.0.5/lib/rack/method_override.rb:22:in `call'
vendor/bundle/gems/rack-2.0.5/lib/rack/runtime.rb:22:in `call'
vendor/bundle/gems/activesupport-5.2.1/lib/active_support/cache/strategy/local_cache_middleware.rb:29:in `call'
vendor/bundle/gems/actionpack-5.2.1/lib/action_dispatch/middleware/executor.rb:14:in `call'
vendor/bundle/gems/actionpack-5.2.1/lib/action_dispatch/middleware/static.rb:127:in `call'
vendor/bundle/gems/rack-2.0.5/lib/rack/sendfile.rb:111:in `call'
vendor/bundle/gems/railties-5.2.1/lib/rails/engine.rb:524:in `call'
vendor/bundle/gems/puma-3.12.0/lib/puma/configuration.rb:225:in `call'
vendor/bundle/gems/puma-3.12.0/lib/puma/server.rb:658:in `handle_request'
vendor/bundle/gems/puma-3.12.0/lib/puma/server.rb:472:in `process_client'
vendor/bundle/gems/puma-3.12.0/lib/puma/server.rb:332:in `block in run'
vendor/bundle/gems/puma-3.12.0/lib/puma/thread_pool.rb:133:in `block in spawn_thread'
Started GET "/images/social-sprite@2x.png" for 127.0.0.1 at 2018-09-02 13:54:01 +0900
  
ActionController::RoutingError (No route matches [GET] "/images/social-sprite@2x.png"):
  
vendor/bundle/gems/actionpack-5.2.1/lib/action_dispatch/middleware/debug_exceptions.rb:65:in `call'
vendor/bundle/gems/web-console-3.6.2/lib/web_console/middleware.rb:135:in `call_app'
vendor/bundle/gems/web-console-3.6.2/lib/web_console/middleware.rb:30:in `block in call'
vendor/bundle/gems/web-console-3.6.2/lib/web_console/middleware.rb:20:in `catch'
vendor/bundle/gems/web-console-3.6.2/lib/web_console/middleware.rb:20:in `call'
vendor/bundle/gems/actionpack-5.2.1/lib/action_dispatch/middleware/show_exceptions.rb:33:in `call'
vendor/bundle/gems/railties-5.2.1/lib/rails/rack/logger.rb:38:in `call_app'
vendor/bundle/gems/railties-5.2.1/lib/rails/rack/logger.rb:26:in `block in call'
vendor/bundle/gems/activesupport-5.2.1/lib/active_support/tagged_logging.rb:71:in `block in tagged'
vendor/bundle/gems/activesupport-5.2.1/lib/active_support/tagged_logging.rb:28:in `tagged'
vendor/bundle/gems/activesupport-5.2.1/lib/active_support/tagged_logging.rb:71:in `tagged'
vendor/bundle/gems/railties-5.2.1/lib/rails/rack/logger.rb:26:in `call'
vendor/bundle/gems/sprockets-rails-3.2.1/lib/sprockets/rails/quiet_assets.rb:13:in `call'
vendor/bundle/gems/actionpack-5.2.1/lib/action_dispatch/middleware/remote_ip.rb:81:in `call'
vendor/bundle/gems/actionpack-5.2.1/lib/action_dispatch/middleware/request_id.rb:27:in `call'
vendor/bundle/gems/rack-2.0.5/lib/rack/method_override.rb:22:in `call'
vendor/bundle/gems/rack-2.0.5/lib/rack/runtime.rb:22:in `call'
vendor/bundle/gems/activesupport-5.2.1/lib/active_support/cache/strategy/local_cache_middleware.rb:29:in `call'
vendor/bundle/gems/actionpack-5.2.1/lib/action_dispatch/middleware/executor.rb:14:in `call'
vendor/bundle/gems/actionpack-5.2.1/lib/action_dispatch/middleware/static.rb:127:in `call'
vendor/bundle/gems/rack-2.0.5/lib/rack/sendfile.rb:111:in `call'
vendor/bundle/gems/railties-5.2.1/lib/rails/engine.rb:524:in `call'
vendor/bundle/gems/puma-3.12.0/lib/puma/configuration.rb:225:in `call'
vendor/bundle/gems/puma-3.12.0/lib/puma/server.rb:658:in `handle_request'
vendor/bundle/gems/puma-3.12.0/lib/puma/server.rb:472:in `process_client'
vendor/bundle/gems/puma-3.12.0/lib/puma/server.rb:332:in `block in run'
vendor/bundle/gems/puma-3.12.0/lib/puma/thread_pool.rb:133:in `block in spawn_thread'
Started GET "/images/nav-sprite@2x.png" for 127.0.0.1 at 2018-09-02 13:54:02 +0900
  
ActionController::RoutingError (No route matches [GET] "/images/nav-sprite@2x.png"):
  
vendor/bundle/gems/actionpack-5.2.1/lib/action_dispatch/middleware/debug_exceptions.rb:65:in `call'
vendor/bundle/gems/web-console-3.6.2/lib/web_console/middleware.rb:135:in `call_app'
vendor/bundle/gems/web-console-3.6.2/lib/web_console/middleware.rb:30:in `block in call'
vendor/bundle/gems/web-console-3.6.2/lib/web_console/middleware.rb:20:in `catch'
vendor/bundle/gems/web-console-3.6.2/lib/web_console/middleware.rb:20:in `call'
vendor/bundle/gems/actionpack-5.2.1/lib/action_dispatch/middleware/show_exceptions.rb:33:in `call'
vendor/bundle/gems/railties-5.2.1/lib/rails/rack/logger.rb:38:in `call_app'
vendor/bundle/gems/railties-5.2.1/lib/rails/rack/logger.rb:26:in `block in call'
vendor/bundle/gems/activesupport-5.2.1/lib/active_support/tagged_logging.rb:71:in `block in tagged'
vendor/bundle/gems/activesupport-5.2.1/lib/active_support/tagged_logging.rb:28:in `tagged'
vendor/bundle/gems/activesupport-5.2.1/lib/active_support/tagged_logging.rb:71:in `tagged'
vendor/bundle/gems/railties-5.2.1/lib/rails/rack/logger.rb:26:in `call'
vendor/bundle/gems/sprockets-rails-3.2.1/lib/sprockets/rails/quiet_assets.rb:13:in `call'
vendor/bundle/gems/actionpack-5.2.1/lib/action_dispatch/middleware/remote_ip.rb:81:in `call'
vendor/bundle/gems/actionpack-5.2.1/lib/action_dispatch/middleware/request_id.rb:27:in `call'
vendor/bundle/gems/rack-2.0.5/lib/rack/method_override.rb:22:in `call'
vendor/bundle/gems/rack-2.0.5/lib/rack/runtime.rb:22:in `call'
vendor/bundle/gems/activesupport-5.2.1/lib/active_support/cache/strategy/local_cache_middleware.rb:29:in `call'
vendor/bundle/gems/actionpack-5.2.1/lib/action_dispatch/middleware/executor.rb:14:in `call'
vendor/bundle/gems/actionpack-5.2.1/lib/action_dispatch/middleware/static.rb:127:in `call'
vendor/bundle/gems/rack-2.0.5/lib/rack/sendfile.rb:111:in `call'
vendor/bundle/gems/railties-5.2.1/lib/rails/engine.rb:524:in `call'
vendor/bundle/gems/puma-3.12.0/lib/puma/configuration.rb:225:in `call'
vendor/bundle/gems/puma-3.12.0/lib/puma/server.rb:658:in `handle_request'
vendor/bundle/gems/puma-3.12.0/lib/puma/server.rb:472:in `process_client'
vendor/bundle/gems/puma-3.12.0/lib/puma/server.rb:332:in `block in run'
vendor/bundle/gems/puma-3.12.0/lib/puma/thread_pool.rb:133:in `block in spawn_thread'
Started GET "/app/timeline" for 127.0.0.1 at 2018-09-02 14:14:35 +0900
Processing by AppController#timeline as HTML
  Rendering app/timeline.html.erb within layouts/application
  Rendered app/timeline.html.erb within layouts/application (4.8ms)
Completed 200 OK in 661ms (Views: 642.3ms | ActiveRecord: 0.0ms)


Started GET "/app/js/modernizr.js" for 127.0.0.1 at 2018-09-02 14:14:37 +0900
Started GET "/app/css/style.css" for 127.0.0.1 at 2018-09-02 14:14:37 +0900
  
  
Started GET "/app/images/cj.jpg" for 127.0.0.1 at 2018-09-02 14:14:37 +0900
ActionController::RoutingError (No route matches [GET] "/app/js/modernizr.js"):
ActionController::RoutingError (No route matches [GET] "/app/css/style.css"):
  
  
Started GET "/app/images/portfolio/free-psd-templates.jpg" for 127.0.0.1 at 2018-09-02 14:14:37 +0900
  
ActionController::RoutingError (No route matches [GET] "/app/images/cj.jpg"):
actionpack (5.2.1) lib/action_dispatch/middleware/debug_exceptions.rb:65:in `call'
web-console (3.6.2) lib/web_console/middleware.rb:135:in `call_app'
web-console (3.6.2) lib/web_console/middleware.rb:30:in `block in call'
web-console (3.6.2) lib/web_console/middleware.rb:20:in `catch'
web-console (3.6.2) lib/web_console/middleware.rb:20:in `call'
actionpack (5.2.1) lib/action_dispatch/middleware/show_exceptions.rb:33:in `call'
railties (5.2.1) lib/rails/rack/logger.rb:38:in `call_app'
railties (5.2.1) lib/rails/rack/logger.rb:26:in `block in call'
activesupport (5.2.1) lib/active_support/tagged_logging.rb:71:in `block in tagged'
activesupport (5.2.1) lib/active_support/tagged_logging.rb:28:in `tagged'
activesupport (5.2.1) lib/active_support/tagged_logging.rb:71:in `tagged'
railties (5.2.1) lib/rails/rack/logger.rb:26:in `call'
sprockets-rails (3.2.1) lib/sprockets/rails/quiet_assets.rb:13:in `call'
actionpack (5.2.1) lib/action_dispatch/middleware/remote_ip.rb:81:in `call'
actionpack (5.2.1) lib/action_dispatch/middleware/request_id.rb:27:in `call'
rack (2.0.5) lib/rack/method_override.rb:22:in `call'
rack (2.0.5) lib/rack/runtime.rb:22:in `call'
activesupport (5.2.1) lib/active_support/cache/strategy/local_cache_middleware.rb:29:in `call'
actionpack (5.2.1) lib/action_dispatch/middleware/executor.rb:14:in `call'
actionpack (5.2.1) lib/action_dispatch/middleware/static.rb:127:in `call'
rack (2.0.5) lib/rack/sendfile.rb:111:in `call'
railties (5.2.1) lib/rails/engine.rb:524:in `call'
puma (3.12.0) lib/puma/configuration.rb:225:in `call'
puma (3.12.0) lib/puma/server.rb:658:in `handle_request'
puma (3.12.0) lib/puma/server.rb:472:in `process_client'
puma (3.12.0) lib/puma/server.rb:332:in `block in run'
puma (3.12.0) lib/puma/thread_pool.rb:133:in `block in spawn_thread'
  
actionpack (5.2.1) lib/action_dispatch/middleware/debug_exceptions.rb:65:in `call'
web-console (3.6.2) lib/web_console/middleware.rb:135:in `call_app'
web-console (3.6.2) lib/web_console/middleware.rb:30:in `block in call'
web-console (3.6.2) lib/web_console/middleware.rb:20:in `catch'
web-console (3.6.2) lib/web_console/middleware.rb:20:in `call'
actionpack (5.2.1) lib/action_dispatch/middleware/show_exceptions.rb:33:in `call'
railties (5.2.1) lib/rails/rack/logger.rb:38:in `call_app'
railties (5.2.1) lib/rails/rack/logger.rb:26:in `block in call'
activesupport (5.2.1) lib/active_support/tagged_logging.rb:71:in `block in tagged'
activesupport (5.2.1) lib/active_support/tagged_logging.rb:28:in `tagged'
activesupport (5.2.1) lib/active_support/tagged_logging.rb:71:in `tagged'
railties (5.2.1) lib/rails/rack/logger.rb:26:in `call'
sprockets-rails (3.2.1) lib/sprockets/rails/quiet_assets.rb:13:in `call'
actionpack (5.2.1) lib/action_dispatch/middleware/remote_ip.rb:81:in `call'
actionpack (5.2.1) lib/action_dispatch/middleware/request_id.rb:27:in `call'
rack (2.0.5) lib/rack/method_override.rb:22:in `call'
rack (2.0.5) lib/rack/runtime.rb:22:in `call'
activesupport (5.2.1) lib/active_support/cache/strategy/local_cache_middleware.rb:29:in `call'
actionpack (5.2.1) lib/action_dispatch/middleware/executor.rb:14:in `call'
actionpack (5.2.1) lib/action_dispatch/middleware/static.rb:127:in `call'
rack (2.0.5) lib/rack/sendfile.rb:111:in `call'
railties (5.2.1) lib/rails/engine.rb:524:in `call'
puma (3.12.0) lib/puma/configuration.rb:225:in `call'
puma (3.12.0) lib/puma/server.rb:658:in `handle_request'
puma (3.12.0) lib/puma/server.rb:472:in `process_client'
puma (3.12.0) lib/puma/server.rb:332:in `block in run'
puma (3.12.0) lib/puma/thread_pool.rb:133:in `block in spawn_thread'
  
ActionController::RoutingError (No route matches [GET] "/app/images/portfolio/free-psd-templates.jpg"):
actionpack (5.2.1) lib/action_dispatch/middleware/debug_exceptions.rb:65:in `call'
web-console (3.6.2) lib/web_console/middleware.rb:135:in `call_app'
web-console (3.6.2) lib/web_console/middleware.rb:30:in `block in call'
web-console (3.6.2) lib/web_console/middleware.rb:20:in `catch'
web-console (3.6.2) lib/web_console/middleware.rb:20:in `call'
actionpack (5.2.1) lib/action_dispatch/middleware/show_exceptions.rb:33:in `call'
railties (5.2.1) lib/rails/rack/logger.rb:38:in `call_app'
railties (5.2.1) lib/rails/rack/logger.rb:26:in `block in call'
activesupport (5.2.1) lib/active_support/tagged_logging.rb:71:in `block in tagged'
activesupport (5.2.1) lib/active_support/tagged_logging.rb:28:in `tagged'
activesupport (5.2.1) lib/active_support/tagged_logging.rb:71:in `tagged'
railties (5.2.1) lib/rails/rack/logger.rb:26:in `call'
sprockets-rails (3.2.1) lib/sprockets/rails/quiet_assets.rb:13:in `call'
actionpack (5.2.1) lib/action_dispatch/middleware/remote_ip.rb:81:in `call'
actionpack (5.2.1) lib/action_dispatch/middleware/request_id.rb:27:in `call'
rack (2.0.5) lib/rack/method_override.rb:22:in `call'
rack (2.0.5) lib/rack/runtime.rb:22:in `call'
activesupport (5.2.1) lib/active_support/cache/strategy/local_cache_middleware.rb:29:in `call'
actionpack (5.2.1) lib/action_dispatch/middleware/executor.rb:14:in `call'
actionpack (5.2.1) lib/action_dispatch/middleware/static.rb:127:in `call'
rack (2.0.5) lib/rack/sendfile.rb:111:in `call'
railties (5.2.1) lib/rails/engine.rb:524:in `call'
puma (3.12.0) lib/puma/configuration.rb:225:in `call'
puma (3.12.0) lib/puma/server.rb:658:in `handle_request'
puma (3.12.0) lib/puma/server.rb:472:in `process_client'
puma (3.12.0) lib/puma/server.rb:332:in `block in run'
puma (3.12.0) lib/puma/thread_pool.rb:133:in `block in spawn_thread'
  
Started GET "/app/js/app.js" for 127.0.0.1 at 2018-09-02 14:14:37 +0900
actionpack (5.2.1) lib/action_dispatch/middleware/debug_exceptions.rb:65:in `call'
web-console (3.6.2) lib/web_console/middleware.rb:135:in `call_app'
web-console (3.6.2) lib/web_console/middleware.rb:30:in `block in call'
web-console (3.6.2) lib/web_console/middleware.rb:20:in `catch'
web-console (3.6.2) lib/web_console/middleware.rb:20:in `call'
actionpack (5.2.1) lib/action_dispatch/middleware/show_exceptions.rb:33:in `call'
railties (5.2.1) lib/rails/rack/logger.rb:38:in `call_app'
railties (5.2.1) lib/rails/rack/logger.rb:26:in `block in call'
activesupport (5.2.1) lib/active_support/tagged_logging.rb:71:in `block in tagged'
activesupport (5.2.1) lib/active_support/tagged_logging.rb:28:in `tagged'
activesupport (5.2.1) lib/active_support/tagged_logging.rb:71:in `tagged'
railties (5.2.1) lib/rails/rack/logger.rb:26:in `call'
sprockets-rails (3.2.1) lib/sprockets/rails/quiet_assets.rb:13:in `call'
actionpack (5.2.1) lib/action_dispatch/middleware/remote_ip.rb:81:in `call'
actionpack (5.2.1) lib/action_dispatch/middleware/request_id.rb:27:in `call'
rack (2.0.5) lib/rack/method_override.rb:22:in `call'
rack (2.0.5) lib/rack/runtime.rb:22:in `call'
activesupport (5.2.1) lib/active_support/cache/strategy/local_cache_middleware.rb:29:in `call'
actionpack (5.2.1) lib/action_dispatch/middleware/executor.rb:14:in `call'
actionpack (5.2.1) lib/action_dispatch/middleware/static.rb:127:in `call'
rack (2.0.5) lib/rack/sendfile.rb:111:in `call'
railties (5.2.1) lib/rails/engine.rb:524:in `call'
puma (3.12.0) lib/puma/configuration.rb:225:in `call'
puma (3.12.0) lib/puma/server.rb:658:in `handle_request'
puma (3.12.0) lib/puma/server.rb:472:in `process_client'
puma (3.12.0) lib/puma/server.rb:332:in `block in run'
puma (3.12.0) lib/puma/thread_pool.rb:133:in `block in spawn_thread'
  
ActionController::RoutingError (No route matches [GET] "/app/js/app.js"):
  
actionpack (5.2.1) lib/action_dispatch/middleware/debug_exceptions.rb:65:in `call'
web-console (3.6.2) lib/web_console/middleware.rb:135:in `call_app'
web-console (3.6.2) lib/web_console/middleware.rb:30:in `block in call'
web-console (3.6.2) lib/web_console/middleware.rb:20:in `catch'
web-console (3.6.2) lib/web_console/middleware.rb:20:in `call'
actionpack (5.2.1) lib/action_dispatch/middleware/show_exceptions.rb:33:in `call'
railties (5.2.1) lib/rails/rack/logger.rb:38:in `call_app'
railties (5.2.1) lib/rails/rack/logger.rb:26:in `block in call'
activesupport (5.2.1) lib/active_support/tagged_logging.rb:71:in `block in tagged'
activesupport (5.2.1) lib/active_support/tagged_logging.rb:28:in `tagged'
activesupport (5.2.1) lib/active_support/tagged_logging.rb:71:in `tagged'
railties (5.2.1) lib/rails/rack/logger.rb:26:in `call'
sprockets-rails (3.2.1) lib/sprockets/rails/quiet_assets.rb:13:in `call'
actionpack (5.2.1) lib/action_dispatch/middleware/remote_ip.rb:81:in `call'
actionpack (5.2.1) lib/action_dispatch/middleware/request_id.rb:27:in `call'
rack (2.0.5) lib/rack/method_override.rb:22:in `call'
rack (2.0.5) lib/rack/runtime.rb:22:in `call'
activesupport (5.2.1) lib/active_support/cache/strategy/local_cache_middleware.rb:29:in `call'
actionpack (5.2.1) lib/action_dispatch/middleware/executor.rb:14:in `call'
actionpack (5.2.1) lib/action_dispatch/middleware/static.rb:127:in `call'
rack (2.0.5) lib/rack/sendfile.rb:111:in `call'
railties (5.2.1) lib/rails/engine.rb:524:in `call'
puma (3.12.0) lib/puma/configuration.rb:225:in `call'
puma (3.12.0) lib/puma/server.rb:658:in `handle_request'
puma (3.12.0) lib/puma/server.rb:472:in `process_client'
puma (3.12.0) lib/puma/server.rb:332:in `block in run'
puma (3.12.0) lib/puma/thread_pool.rb:133:in `block in spawn_thread'
Started GET "/app/images/portfolio/moody-shot.jpg" for 127.0.0.1 at 2018-09-02 14:14:40 +0900
  
Started GET "/app/images/portfolio/new-york.jpg" for 127.0.0.1 at 2018-09-02 14:14:41 +0900
ActionController::RoutingError (No route matches [GET] "/app/images/portfolio/moody-shot.jpg"):
  
  
Started GET "/app/images/loading.png" for 127.0.0.1 at 2018-09-02 14:14:41 +0900
ActionController::RoutingError (No route matches [GET] "/app/images/portfolio/new-york.jpg"):
actionpack (5.2.1) lib/action_dispatch/middleware/debug_exceptions.rb:65:in `call'
web-console (3.6.2) lib/web_console/middleware.rb:135:in `call_app'
web-console (3.6.2) lib/web_console/middleware.rb:30:in `block in call'
web-console (3.6.2) lib/web_console/middleware.rb:20:in `catch'
web-console (3.6.2) lib/web_console/middleware.rb:20:in `call'
actionpack (5.2.1) lib/action_dispatch/middleware/show_exceptions.rb:33:in `call'
railties (5.2.1) lib/rails/rack/logger.rb:38:in `call_app'
railties (5.2.1) lib/rails/rack/logger.rb:26:in `block in call'
activesupport (5.2.1) lib/active_support/tagged_logging.rb:71:in `block in tagged'
activesupport (5.2.1) lib/active_support/tagged_logging.rb:28:in `tagged'
activesupport (5.2.1) lib/active_support/tagged_logging.rb:71:in `tagged'
railties (5.2.1) lib/rails/rack/logger.rb:26:in `call'
sprockets-rails (3.2.1) lib/sprockets/rails/quiet_assets.rb:13:in `call'
actionpack (5.2.1) lib/action_dispatch/middleware/remote_ip.rb:81:in `call'
actionpack (5.2.1) lib/action_dispatch/middleware/request_id.rb:27:in `call'
rack (2.0.5) lib/rack/method_override.rb:22:in `call'
rack (2.0.5) lib/rack/runtime.rb:22:in `call'
activesupport (5.2.1) lib/active_support/cache/strategy/local_cache_middleware.rb:29:in `call'
actionpack (5.2.1) lib/action_dispatch/middleware/executor.rb:14:in `call'
actionpack (5.2.1) lib/action_dispatch/middleware/static.rb:127:in `call'
rack (2.0.5) lib/rack/sendfile.rb:111:in `call'
railties (5.2.1) lib/rails/engine.rb:524:in `call'
puma (3.12.0) lib/puma/configuration.rb:225:in `call'
puma (3.12.0) lib/puma/server.rb:658:in `handle_request'
puma (3.12.0) lib/puma/server.rb:472:in `process_client'
puma (3.12.0) lib/puma/server.rb:332:in `block in run'
puma (3.12.0) lib/puma/thread_pool.rb:133:in `block in spawn_thread'
  
  
Started GET "/images/social-sprite.png" for 127.0.0.1 at 2018-09-02 14:14:41 +0900
Started GET "/app/js/app.js" for 127.0.0.1 at 2018-09-02 14:14:41 +0900
ActionController::RoutingError (No route matches [GET] "/app/images/loading.png"):
actionpack (5.2.1) lib/action_dispatch/middleware/debug_exceptions.rb:65:in `call'
web-console (3.6.2) lib/web_console/middleware.rb:135:in `call_app'
web-console (3.6.2) lib/web_console/middleware.rb:30:in `block in call'
web-console (3.6.2) lib/web_console/middleware.rb:20:in `catch'
web-console (3.6.2) lib/web_console/middleware.rb:20:in `call'
actionpack (5.2.1) lib/action_dispatch/middleware/show_exceptions.rb:33:in `call'
railties (5.2.1) lib/rails/rack/logger.rb:38:in `call_app'
railties (5.2.1) lib/rails/rack/logger.rb:26:in `block in call'
activesupport (5.2.1) lib/active_support/tagged_logging.rb:71:in `block in tagged'
activesupport (5.2.1) lib/active_support/tagged_logging.rb:28:in `tagged'
activesupport (5.2.1) lib/active_support/tagged_logging.rb:71:in `tagged'
railties (5.2.1) lib/rails/rack/logger.rb:26:in `call'
sprockets-rails (3.2.1) lib/sprockets/rails/quiet_assets.rb:13:in `call'
actionpack (5.2.1) lib/action_dispatch/middleware/remote_ip.rb:81:in `call'
actionpack (5.2.1) lib/action_dispatch/middleware/request_id.rb:27:in `call'
rack (2.0.5) lib/rack/method_override.rb:22:in `call'
rack (2.0.5) lib/rack/runtime.rb:22:in `call'
activesupport (5.2.1) lib/active_support/cache/strategy/local_cache_middleware.rb:29:in `call'
actionpack (5.2.1) lib/action_dispatch/middleware/executor.rb:14:in `call'
actionpack (5.2.1) lib/action_dispatch/middleware/static.rb:127:in `call'
rack (2.0.5) lib/rack/sendfile.rb:111:in `call'
railties (5.2.1) lib/rails/engine.rb:524:in `call'
puma (3.12.0) lib/puma/configuration.rb:225:in `call'
puma (3.12.0) lib/puma/server.rb:658:in `handle_request'
puma (3.12.0) lib/puma/server.rb:472:in `process_client'
puma (3.12.0) lib/puma/server.rb:332:in `block in run'
puma (3.12.0) lib/puma/thread_pool.rb:133:in `block in spawn_thread'
  
  
  
ActionController::RoutingError (No route matches [GET] "/images/social-sprite.png"):
ActionController::RoutingError (No route matches [GET] "/app/js/app.js"):
actionpack (5.2.1) lib/action_dispatch/middleware/debug_exceptions.rb:65:in `call'
web-console (3.6.2) lib/web_console/middleware.rb:135:in `call_app'
web-console (3.6.2) lib/web_console/middleware.rb:30:in `block in call'
web-console (3.6.2) lib/web_console/middleware.rb:20:in `catch'
web-console (3.6.2) lib/web_console/middleware.rb:20:in `call'
actionpack (5.2.1) lib/action_dispatch/middleware/show_exceptions.rb:33:in `call'
railties (5.2.1) lib/rails/rack/logger.rb:38:in `call_app'
railties (5.2.1) lib/rails/rack/logger.rb:26:in `block in call'
activesupport (5.2.1) lib/active_support/tagged_logging.rb:71:in `block in tagged'
activesupport (5.2.1) lib/active_support/tagged_logging.rb:28:in `tagged'
activesupport (5.2.1) lib/active_support/tagged_logging.rb:71:in `tagged'
railties (5.2.1) lib/rails/rack/logger.rb:26:in `call'
sprockets-rails (3.2.1) lib/sprockets/rails/quiet_assets.rb:13:in `call'
actionpack (5.2.1) lib/action_dispatch/middleware/remote_ip.rb:81:in `call'
actionpack (5.2.1) lib/action_dispatch/middleware/request_id.rb:27:in `call'
rack (2.0.5) lib/rack/method_override.rb:22:in `call'
rack (2.0.5) lib/rack/runtime.rb:22:in `call'
activesupport (5.2.1) lib/active_support/cache/strategy/local_cache_middleware.rb:29:in `call'
actionpack (5.2.1) lib/action_dispatch/middleware/executor.rb:14:in `call'
actionpack (5.2.1) lib/action_dispatch/middleware/static.rb:127:in `call'
rack (2.0.5) lib/rack/sendfile.rb:111:in `call'
railties (5.2.1) lib/rails/engine.rb:524:in `call'
puma (3.12.0) lib/puma/configuration.rb:225:in `call'
puma (3.12.0) lib/puma/server.rb:658:in `handle_request'
puma (3.12.0) lib/puma/server.rb:472:in `process_client'
puma (3.12.0) lib/puma/server.rb:332:in `block in run'
puma (3.12.0) lib/puma/thread_pool.rb:133:in `block in spawn_thread'
  
  
actionpack (5.2.1) lib/action_dispatch/middleware/debug_exceptions.rb:65:in `call'
web-console (3.6.2) lib/web_console/middleware.rb:135:in `call_app'
web-console (3.6.2) lib/web_console/middleware.rb:30:in `block in call'
web-console (3.6.2) lib/web_console/middleware.rb:20:in `catch'
web-console (3.6.2) lib/web_console/middleware.rb:20:in `call'
actionpack (5.2.1) lib/action_dispatch/middleware/show_exceptions.rb:33:in `call'
railties (5.2.1) lib/rails/rack/logger.rb:38:in `call_app'
railties (5.2.1) lib/rails/rack/logger.rb:26:in `block in call'
activesupport (5.2.1) lib/active_support/tagged_logging.rb:71:in `block in tagged'
activesupport (5.2.1) lib/active_support/tagged_logging.rb:28:in `tagged'
activesupport (5.2.1) lib/active_support/tagged_logging.rb:71:in `tagged'
railties (5.2.1) lib/rails/rack/logger.rb:26:in `call'
sprockets-rails (3.2.1) lib/sprockets/rails/quiet_assets.rb:13:in `call'
actionpack (5.2.1) lib/action_dispatch/middleware/remote_ip.rb:81:in `call'
actionpack (5.2.1) lib/action_dispatch/middleware/request_id.rb:27:in `call'
rack (2.0.5) lib/rack/method_override.rb:22:in `call'
rack (2.0.5) lib/rack/runtime.rb:22:in `call'
activesupport (5.2.1) lib/active_support/cache/strategy/local_cache_middleware.rb:29:in `call'
actionpack (5.2.1) lib/action_dispatch/middleware/executor.rb:14:in `call'
actionpack (5.2.1) lib/action_dispatch/middleware/static.rb:127:in `call'
rack (2.0.5) lib/rack/sendfile.rb:111:in `call'
railties (5.2.1) lib/rails/engine.rb:524:in `call'
puma (3.12.0) lib/puma/configuration.rb:225:in `call'
puma (3.12.0) lib/puma/server.rb:658:in `handle_request'
puma (3.12.0) lib/puma/server.rb:472:in `process_client'
puma (3.12.0) lib/puma/server.rb:332:in `block in run'
puma (3.12.0) lib/puma/thread_pool.rb:133:in `block in spawn_thread'
actionpack (5.2.1) lib/action_dispatch/middleware/debug_exceptions.rb:65:in `call'
web-console (3.6.2) lib/web_console/middleware.rb:135:in `call_app'
web-console (3.6.2) lib/web_console/middleware.rb:30:in `block in call'
web-console (3.6.2) lib/web_console/middleware.rb:20:in `catch'
web-console (3.6.2) lib/web_console/middleware.rb:20:in `call'
actionpack (5.2.1) lib/action_dispatch/middleware/show_exceptions.rb:33:in `call'
railties (5.2.1) lib/rails/rack/logger.rb:38:in `call_app'
railties (5.2.1) lib/rails/rack/logger.rb:26:in `block in call'
activesupport (5.2.1) lib/active_support/tagged_logging.rb:71:in `block in tagged'
activesupport (5.2.1) lib/active_support/tagged_logging.rb:28:in `tagged'
activesupport (5.2.1) lib/active_support/tagged_logging.rb:71:in `tagged'
railties (5.2.1) lib/rails/rack/logger.rb:26:in `call'
sprockets-rails (3.2.1) lib/sprockets/rails/quiet_assets.rb:13:in `call'
actionpack (5.2.1) lib/action_dispatch/middleware/remote_ip.rb:81:in `call'
actionpack (5.2.1) lib/action_dispatch/middleware/request_id.rb:27:in `call'
rack (2.0.5) lib/rack/method_override.rb:22:in `call'
rack (2.0.5) lib/rack/runtime.rb:22:in `call'
activesupport (5.2.1) lib/active_support/cache/strategy/local_cache_middleware.rb:29:in `call'
actionpack (5.2.1) lib/action_dispatch/middleware/executor.rb:14:in `call'
actionpack (5.2.1) lib/action_dispatch/middleware/static.rb:127:in `call'
rack (2.0.5) lib/rack/sendfile.rb:111:in `call'
railties (5.2.1) lib/rails/engine.rb:524:in `call'
puma (3.12.0) lib/puma/configuration.rb:225:in `call'
puma (3.12.0) lib/puma/server.rb:658:in `handle_request'
puma (3.12.0) lib/puma/server.rb:472:in `process_client'
puma (3.12.0) lib/puma/server.rb:332:in `block in run'
puma (3.12.0) lib/puma/thread_pool.rb:133:in `block in spawn_thread'
Started GET "/images/nav-sprite.png" for 127.0.0.1 at 2018-09-02 14:14:43 +0900
  
ActionController::RoutingError (No route matches [GET] "/images/nav-sprite.png"):
  
actionpack (5.2.1) lib/action_dispatch/middleware/debug_exceptions.rb:65:in `call'
web-console (3.6.2) lib/web_console/middleware.rb:135:in `call_app'
web-console (3.6.2) lib/web_console/middleware.rb:30:in `block in call'
web-console (3.6.2) lib/web_console/middleware.rb:20:in `catch'
web-console (3.6.2) lib/web_console/middleware.rb:20:in `call'
actionpack (5.2.1) lib/action_dispatch/middleware/show_exceptions.rb:33:in `call'
railties (5.2.1) lib/rails/rack/logger.rb:38:in `call_app'
railties (5.2.1) lib/rails/rack/logger.rb:26:in `block in call'
activesupport (5.2.1) lib/active_support/tagged_logging.rb:71:in `block in tagged'
activesupport (5.2.1) lib/active_support/tagged_logging.rb:28:in `tagged'
activesupport (5.2.1) lib/active_support/tagged_logging.rb:71:in `tagged'
railties (5.2.1) lib/rails/rack/logger.rb:26:in `call'
sprockets-rails (3.2.1) lib/sprockets/rails/quiet_assets.rb:13:in `call'
actionpack (5.2.1) lib/action_dispatch/middleware/remote_ip.rb:81:in `call'
actionpack (5.2.1) lib/action_dispatch/middleware/request_id.rb:27:in `call'
rack (2.0.5) lib/rack/method_override.rb:22:in `call'
rack (2.0.5) lib/rack/runtime.rb:22:in `call'
activesupport (5.2.1) lib/active_support/cache/strategy/local_cache_middleware.rb:29:in `call'
actionpack (5.2.1) lib/action_dispatch/middleware/executor.rb:14:in `call'
actionpack (5.2.1) lib/action_dispatch/middleware/static.rb:127:in `call'
rack (2.0.5) lib/rack/sendfile.rb:111:in `call'
railties (5.2.1) lib/rails/engine.rb:524:in `call'
puma (3.12.0) lib/puma/configuration.rb:225:in `call'
puma (3.12.0) lib/puma/server.rb:658:in `handle_request'
puma (3.12.0) lib/puma/server.rb:472:in `process_client'
puma (3.12.0) lib/puma/server.rb:332:in `block in run'
puma (3.12.0) lib/puma/thread_pool.rb:133:in `block in spawn_thread'
Started GET "/app/css/style.css" for 127.0.0.1 at 2018-09-02 14:14:53 +0900
  
ActionController::RoutingError (No route matches [GET] "/app/css/style.css"):
  
actionpack (5.2.1) lib/action_dispatch/middleware/debug_exceptions.rb:65:in `call'
web-console (3.6.2) lib/web_console/middleware.rb:135:in `call_app'
web-console (3.6.2) lib/web_console/middleware.rb:30:in `block in call'
web-console (3.6.2) lib/web_console/middleware.rb:20:in `catch'
web-console (3.6.2) lib/web_console/middleware.rb:20:in `call'
actionpack (5.2.1) lib/action_dispatch/middleware/show_exceptions.rb:33:in `call'
railties (5.2.1) lib/rails/rack/logger.rb:38:in `call_app'
railties (5.2.1) lib/rails/rack/logger.rb:26:in `block in call'
activesupport (5.2.1) lib/active_support/tagged_logging.rb:71:in `block in tagged'
activesupport (5.2.1) lib/active_support/tagged_logging.rb:28:in `tagged'
activesupport (5.2.1) lib/active_support/tagged_logging.rb:71:in `tagged'
railties (5.2.1) lib/rails/rack/logger.rb:26:in `call'
sprockets-rails (3.2.1) lib/sprockets/rails/quiet_assets.rb:13:in `call'
actionpack (5.2.1) lib/action_dispatch/middleware/remote_ip.rb:81:in `call'
actionpack (5.2.1) lib/action_dispatch/middleware/request_id.rb:27:in `call'
rack (2.0.5) lib/rack/method_override.rb:22:in `call'
rack (2.0.5) lib/rack/runtime.rb:22:in `call'
activesupport (5.2.1) lib/active_support/cache/strategy/local_cache_middleware.rb:29:in `call'
actionpack (5.2.1) lib/action_dispatch/middleware/executor.rb:14:in `call'
actionpack (5.2.1) lib/action_dispatch/middleware/static.rb:127:in `call'
rack (2.0.5) lib/rack/sendfile.rb:111:in `call'
railties (5.2.1) lib/rails/engine.rb:524:in `call'
puma (3.12.0) lib/puma/configuration.rb:225:in `call'
puma (3.12.0) lib/puma/server.rb:658:in `handle_request'
puma (3.12.0) lib/puma/server.rb:472:in `process_client'
puma (3.12.0) lib/puma/server.rb:332:in `block in run'
puma (3.12.0) lib/puma/thread_pool.rb:133:in `block in spawn_thread'
